<?xml version="1.0" encoding="UTF-8"?>
<!-- Generated by org.testng.reporters.JUnitReportReporter -->
<testsuite hostname="Mohamed" failures="0" tests="1" name="testcases.Test_001" time="62.393" errors="0" timestamp="2021-04-25T21:23:17 IST" skipped="0">
  <testcase classname="testcases.Test_001" name="testcase" time="62.393"/>
  <system-out>
Clicked on By.xpath: (//a[text()='Create An Account'])[1] Clicked on By.xpath: //*[text()='Are you an accredited investor?']/../../div[2]//span[text()='Yes'] Clicked on By.xpath: //*[text()='I agree to the']/../../div[1]//div Clicked on By.xpath: //*[text()='I agree to the']/../../div[2]//div  </system-out>
</testsuite> <!-- testcases.Test_001 -->
